<?xml version="1.0" encoding="UTF-8"?>
<!-- Generated by org.testng.reporters.JUnitXMLReporter -->
<testsuite ignored="0" hostname="KMPR" failures="0" tests="4" name="Test" time="82.655" errors="0" timestamp="2026-05-08T21:35:13 IST">
  <testcase classname="tests.Registertest" name="newRegister" time="9.842"/>
  <testcase classname="tests.Registertest" name="invalidRegister" time="4.854"/>
  <testcase classname="tests.Logintest" name="vLoginTest" time="7.826"/>
  <testcase classname="tests.Logintest" name="iVLoginTest" time="6.207"/>
</testsuite> <!-- Test -->
